<?xml version="1.0" encoding="UTF-8"?>
<!-- Generated by org.testng.reporters.JUnitXMLReporter -->
<testsuite ignored="1" hostname="Saurabh" failures="0" tests="3" name="Default test" time="0.075" errors="0" timestamp="2023-10-04T11:01:33 IST">
  <testcase classname="simpleAnnotations.Annotations3" name="S4" time="0.01"/>
  <testcase classname="simpleAnnotations.Annotations3" name="S3" time="0.001"/>
  <testcase classname="simpleAnnotations.Annotations3" name="S2" time="0.001"/>
  <testcase classname="simpleAnnotations.Annotations3" name="S1" time="0.0">
    <ignored/>
  </testcase> <!-- S1 -->
</testsuite> <!-- Default test -->
